<?xml version="1.0" encoding="UTF-8"?>
<testng-results ignored="0" total="0" passed="0" failed="0" skipped="0">
  <reporter-output>
  </reporter-output>
  <suite started-at="2021-11-03T16:04:14 CET" name="com.example.paintdemo.PaintControllerTest" finished-at="2021-11-03T16:04:14 CET" duration-ms="7">
    <groups>
    </groups>
    <test started-at="2021-11-03T16:04:14 CET" name="Command line test" finished-at="2021-11-03T16:04:14 CET" duration-ms="7">
    </test> <!-- Command line test -->
  </suite> <!-- com.example.paintdemo.PaintControllerTest -->
</testng-results>
